<?xml version="1.0" encoding="UTF-8"?>
<testng-results skipped="0" failed="0" ignored="0" total="1" passed="1">
  <reporter-output>
  </reporter-output>
  <suite name="Default suite" duration-ms="44352" started-at="2020-05-08T09:38:35Z" finished-at="2020-05-08T09:39:19Z">
    <groups>
    </groups>
    <test name="Default test" duration-ms="44352" started-at="2020-05-08T09:38:35Z" finished-at="2020-05-08T09:39:19Z">
      <class name="test.java.webAutomation.SeleniumWebTestCase">
        <test-method status="PASS" signature="fchromeCase()[pri:0, instance:test.java.webAutomation.SeleniumWebTestCase@2ef5e5e3]" name="fchromeCase" duration-ms="42626" started-at="2020-05-08T11:38:35Z" finished-at="2020-05-08T11:39:17Z">
          <reporter-output>
          </reporter-output>
        </test-method> <!-- fchromeCase -->
        <test-method status="PASS" signature="closeMethod()[pri:0, instance:test.java.webAutomation.SeleniumWebTestCase@2ef5e5e3]" name="closeMethod" is-config="true" duration-ms="1684" started-at="2020-05-08T11:39:17Z" finished-at="2020-05-08T11:39:19Z">
          <reporter-output>
          </reporter-output>
        </test-method> <!-- closeMethod -->
      </class> <!-- test.java.webAutomation.SeleniumWebTestCase -->
    </test> <!-- Default test -->
  </suite> <!-- Default suite -->
</testng-results>
